<?xml version="1.0" encoding="UTF-8"?>
<!-- Generated by org.testng.reporters.JUnitReportReporter -->
<testsuite hostname="DESKTOP-SFD2OUV" failures="0" tests="1" name="test.Home" time="0.000" errors="0" timestamp="2024-12-13T12:33:06 IST" skipped="1">
  <testcase classname="test.Home" name="test" time="0.000">
    <skipped/>
  </testcase> <!-- test -->
  <system-out/>
</testsuite> <!-- test.Home -->
